# JRE version: OpenJDK Runtime Environment (11.0.13) (build 11.0.13+0-b1751.21-8125866)
# Java VM: OpenJDK 64-Bit Server VM (11.0.13+0-b1751.21-8125866, mixed mode, tiered, compressed oops, g1 gc, windows-amd64)
Heap:
 garbage-first heap   total 540672K, used 297984K [0x0000000080000000, 0x0000000100000000)
  region size 1024K, 2 young (2048K), 2 survivors (2048K)
 Metaspace       used 215753K, capacity 222695K, committed 230300K, reserved 1249280K
  class space    used 26766K, capacity 29250K, committed 30720K, reserved 1048576K
GC Heap History (20 events):
Event: 4105.054 GC heap after
{Heap after GC invocations=368 (full 0):
 garbage-first heap   total 449536K, used 294784K [0x0000000080000000, 0x0000000100000000)
  region size 1024K, 4 young (4096K), 4 survivors (4096K)
 Metaspace       used 215642K, capacity 222583K, committed 230300K, reserved 1249280K
  class space    used 26755K, capacity 29236K, committed 30720K, reserved 1048576K
}
Event: 4106.445 GC heap before
{Heap before GC invocations=368 (full 0):
 garbage-first heap   total 449536K, used 388992K [0x0000000080000000, 0x0000000100000000)
  region size 1024K, 96 young (98304K), 4 survivors (4096K)
 Metaspace       used 215646K, capacity 222583K, committed 230300K, reserved 1249280K
  class space    used 26755K, capacity 29236K, committed 30720K, reserved 1048576K
}
Event: 4106.478 GC heap after
{Heap after GC invocations=369 (full 0):
 garbage-first heap   total 449536K, used 297090K [0x0000000080000000, 0x0000000100000000)
  region size 1024K, 6 young (6144K), 6 survivors (6144K)
 Metaspace       used 215646K, capacity 222583K, committed 230300K, reserved 1249280K
  class space    used 26755K, capacity 29236K, committed 30720K, reserved 1048576K
}
Event: 4108.496 GC heap before
{Heap before GC invocations=370 (full 0):
 garbage-first heap   total 449536K, used 387202K [0x0000000080000000, 0x0000000100000000)
  region size 1024K, 97 young (99328K), 6 survivors (6144K)
 Metaspace       used 215652K, capacity 222584K, committed 230300K, reserved 1249280K
  class space    used 26755K, capacity 29236K, committed 30720K, reserved 1048576K
}
Event: 4108.518 GC heap after
{Heap after GC invocations=371 (full 0):
 garbage-first heap   total 449536K, used 294018K [0x0000000080000000, 0x0000000100000000)
  region size 1024K, 5 young (5120K), 5 survivors (5120K)
 Metaspace       used 215652K, capacity 222584K, committed 230300K, reserved 1249280K
  class space    used 26755K, capacity 29236K, committed 30720K, reserved 1048576K
}
Event: 4108.781 GC heap before
{Heap before GC invocations=371 (full 0):
 garbage-first heap   total 449536K, used 310402K [0x0000000080000000, 0x0000000100000000)
  region size 1024K, 21 young (21504K), 5 survivors (5120K)
 Metaspace       used 215652K, capacity 222584K, committed 230300K, reserved 1249280K
  class space    used 26755K, capacity 29236K, committed 30720K, reserved 1048576K
}
Event: 4108.875 GC heap after
{Heap after GC invocations=372 (full 0):
 garbage-first heap   total 449536K, used 271398K [0x0000000080000000, 0x0000000100000000)
  region size 1024K, 3 young (3072K), 3 survivors (3072K)
 Metaspace       used 215652K, capacity 222584K, committed 230300K, reserved 1249280K
  class space    used 26755K, capacity 29236K, committed 30720K, reserved 1048576K
}
Event: 4109.095 GC heap before
{Heap before GC invocations=372 (full 0):
 garbage-first heap   total 449536K, used 288806K [0x0000000080000000, 0x0000000100000000)
  region size 1024K, 21 young (21504K), 3 survivors (3072K)
 Metaspace       used 215654K, capacity 222584K, committed 230300K, reserved 1249280K
  class space    used 26755K, capacity 29236K, committed 30720K, reserved 1048576K
}
Event: 4109.149 GC heap after
{Heap after GC invocations=373 (full 0):
 garbage-first heap   total 449536K, used 270088K [0x0000000080000000, 0x0000000100000000)
  region size 1024K, 2 young (2048K), 2 survivors (2048K)
 Metaspace       used 215654K, capacity 222584K, committed 230300K, reserved 1249280K
  class space    used 26755K, capacity 29236K, committed 30720K, reserved 1048576K
}
Event: 4110.299 GC heap before
{Heap before GC invocations=373 (full 0):
 garbage-first heap   total 449536K, used 378632K [0x0000000080000000, 0x0000000100000000)
  region size 1024K, 108 young (110592K), 2 survivors (2048K)
 Metaspace       used 215663K, capacity 222650K, committed 230300K, reserved 1249280K
  class space    used 26755K, capacity 29237K, committed 30720K, reserved 1048576K
}
Event: 4110.320 GC heap after
{Heap after GC invocations=374 (full 0):
 garbage-first heap   total 449536K, used 273760K [0x0000000080000000, 0x0000000100000000)
  region size 1024K, 5 young (5120K), 5 survivors (5120K)
 Metaspace       used 215663K, capacity 222650K, committed 230300K, reserved 1249280K
  class space    used 26755K, capacity 29237K, committed 30720K, reserved 1048576K
}
Event: 4111.670 GC heap before
{Heap before GC invocations=374 (full 0):
 garbage-first heap   total 449536K, used 382304K [0x0000000080000000, 0x0000000100000000)
  region size 1024K, 112 young (114688K), 5 survivors (5120K)
 Metaspace       used 215691K, capacity 222665K, committed 230300K, reserved 1249280K
  class space    used 26760K, capacity 29242K, committed 30720K, reserved 1048576K
}
Event: 4111.689 GC heap after
{Heap after GC invocations=375 (full 0):
 garbage-first heap   total 449536K, used 275892K [0x0000000080000000, 0x0000000100000000)
  region size 1024K, 7 young (7168K), 7 survivors (7168K)
 Metaspace       used 215691K, capacity 222665K, committed 230300K, reserved 1249280K
  class space    used 26760K, capacity 29242K, committed 30720K, reserved 1048576K
}
Event: 4113.115 GC heap before
{Heap before GC invocations=375 (full 0):
 garbage-first heap   total 449536K, used 383412K [0x0000000080000000, 0x0000000100000000)
  region size 1024K, 113 young (115712K), 7 survivors (7168K)
 Metaspace       used 215731K, capacity 222689K, committed 230300K, reserved 1249280K
  class space    used 26765K, capacity 29249K, committed 30720K, reserved 1048576K
}
Event: 4113.183 GC heap after
{Heap after GC invocations=376 (full 0):
 garbage-first heap   total 449536K, used 294614K [0x0000000080000000, 0x0000000100000000)
  region size 1024K, 15 young (15360K), 15 survivors (15360K)
 Metaspace       used 215731K, capacity 222689K, committed 230300K, reserved 1249280K
  class space    used 26765K, capacity 29249K, committed 30720K, reserved 1048576K
}
Event: 4114.123 GC heap before
{Heap before GC invocations=376 (full 0):
 garbage-first heap   total 449536K, used 380630K [0x0000000080000000, 0x0000000100000000)
  region size 1024K, 100 young (102400K), 15 survivors (15360K)
 Metaspace       used 215733K, capacity 222689K, committed 230300K, reserved 1249280K
  class space    used 26765K, capacity 29249K, committed 30720K, reserved 1048576K
}
Event: 4114.221 GC heap after
{Heap after GC invocations=377 (full 0):
 garbage-first heap   total 449536K, used 306175K [0x0000000080000000, 0x0000000100000000)
  region size 1024K, 13 young (13312K), 13 survivors (13312K)
 Metaspace       used 215733K, capacity 222689K, committed 230300K, reserved 1249280K
  class space    used 26765K, capacity 29249K, committed 30720K, reserved 1048576K
}
Event: 4117.103 GC heap before
{Heap before GC invocations=378 (full 0):
 garbage-first heap   total 449536K, used 380927K [0x0000000080000000, 0x0000000100000000)
  region size 1024K, 86 young (88064K), 13 survivors (13312K)
 Metaspace       used 215746K, capacity 222691K, committed 230300K, reserved 1249280K
  class space    used 26765K, capacity 29249K, committed 30720K, reserved 1048576K
}
Event: 4117.158 GC heap after
{Heap after GC invocations=379 (full 0):
 garbage-first heap   total 449536K, used 314944K [0x0000000080000000, 0x0000000100000000)
  region size 1024K, 7 young (7168K), 7 survivors (7168K)
 Metaspace       used 215746K, capacity 222691K, committed 230300K, reserved 1249280K
  class space    used 26765K, capacity 29249K, committed 30720K, reserved 1048576K
}
Event: 4117.666 GC heap before
{Heap before GC invocations=379 (full 0):
 garbage-first heap   total 449536K, used 329280K [0x0000000080000000, 0x0000000100000000)
  region size 1024K, 21 young (21504K), 7 survivors (7168K)
 Metaspace       used 215753K, capacity 222695K, committed 230300K, reserved 1249280K
  class space    used 26766K, capacity 29250K, committed 30720K, reserved 1048576K
}

