# JRE version: OpenJDK Runtime Environment (11.0.13) (build 11.0.13+0-b1751.21-8125866)
# Java VM: OpenJDK 64-Bit Server VM (11.0.13+0-b1751.21-8125866, mixed mode, tiered, compressed oops, g1 gc, windows-amd64)
Heap:
 garbage-first heap   total 457728K, used 220112K [0x0000000080000000, 0x0000000100000000)
  region size 1024K, 4 young (4096K), 4 survivors (4096K)
 Metaspace       used 137077K, capacity 140963K, committed 141104K, reserved 1171456K
  class space    used 16928K, capacity 18299K, committed 18304K, reserved 1048576K
GC Heap History (20 events):
Event: 316.908 GC heap after
{Heap after GC invocations=116 (full 0):
 garbage-first heap   total 239616K, used 195934K [0x0000000080000000, 0x0000000100000000)
  region size 1024K, 2 young (2048K), 2 survivors (2048K)
 Metaspace       used 130905K, capacity 134654K, committed 134960K, reserved 1167360K
  class space    used 16136K, capacity 17413K, committed 17536K, reserved 1048576K
}
Event: 316.996 GC heap before
{Heap before GC invocations=116 (full 0):
 garbage-first heap   total 239616K, used 206174K [0x0000000080000000, 0x0000000100000000)
  region size 1024K, 13 young (13312K), 2 survivors (2048K)
 Metaspace       used 130954K, capacity 134730K, committed 134960K, reserved 1167360K
  class space    used 16144K, capacity 17417K, committed 17536K, reserved 1048576K
}
Event: 317.004 GC heap after
{Heap after GC invocations=117 (full 0):
 garbage-first heap   total 239616K, used 198818K [0x0000000080000000, 0x0000000100000000)
  region size 1024K, 2 young (2048K), 2 survivors (2048K)
 Metaspace       used 130954K, capacity 134730K, committed 134960K, reserved 1167360K
  class space    used 16144K, capacity 17417K, committed 17536K, reserved 1048576K
}
Event: 317.050 GC heap before
{Heap before GC invocations=117 (full 0):
 garbage-first heap   total 239616K, used 207010K [0x0000000080000000, 0x0000000100000000)
  region size 1024K, 11 young (11264K), 2 survivors (2048K)
 Metaspace       used 131081K, capacity 134858K, committed 135216K, reserved 1167360K
  class space    used 16159K, capacity 17417K, committed 17536K, reserved 1048576K
}
Event: 317.056 GC heap after
{Heap after GC invocations=118 (full 0):
 garbage-first heap   total 239616K, used 200614K [0x0000000080000000, 0x0000000100000000)
  region size 1024K, 2 young (2048K), 2 survivors (2048K)
 Metaspace       used 131081K, capacity 134858K, committed 135216K, reserved 1167360K
  class space    used 16159K, capacity 17417K, committed 17536K, reserved 1048576K
}
Event: 317.257 GC heap before
{Heap before GC invocations=118 (full 0):
 garbage-first heap   total 239616K, used 208806K [0x0000000080000000, 0x0000000100000000)
  region size 1024K, 11 young (11264K), 2 survivors (2048K)
 Metaspace       used 131230K, capacity 135018K, committed 135216K, reserved 1167360K
  class space    used 16174K, capacity 17449K, committed 17536K, reserved 1048576K
}
Event: 317.261 GC heap after
{Heap after GC invocations=119 (full 0):
 garbage-first heap   total 239616K, used 201984K [0x0000000080000000, 0x0000000100000000)
  region size 1024K, 2 young (2048K), 2 survivors (2048K)
 Metaspace       used 131230K, capacity 135018K, committed 135216K, reserved 1167360K
  class space    used 16174K, capacity 17449K, committed 17536K, reserved 1048576K
}
Event: 317.511 GC heap before
{Heap before GC invocations=119 (full 0):
 garbage-first heap   total 239616K, used 210176K [0x0000000080000000, 0x0000000100000000)
  region size 1024K, 11 young (11264K), 2 survivors (2048K)
 Metaspace       used 131531K, capacity 135249K, committed 135472K, reserved 1167360K
  class space    used 16210K, capacity 17484K, committed 17536K, reserved 1048576K
}
Event: 317.517 GC heap after
{Heap after GC invocations=120 (full 0):
 garbage-first heap   total 239616K, used 203284K [0x0000000080000000, 0x0000000100000000)
  region size 1024K, 2 young (2048K), 2 survivors (2048K)
 Metaspace       used 131531K, capacity 135249K, committed 135472K, reserved 1167360K
  class space    used 16210K, capacity 17484K, committed 17536K, reserved 1048576K
}
Event: 318.136 GC heap before
{Heap before GC invocations=121 (full 0):
 garbage-first heap   total 239616K, used 211476K [0x0000000080000000, 0x0000000100000000)
  region size 1024K, 11 young (11264K), 2 survivors (2048K)
 Metaspace       used 133015K, capacity 136826K, committed 137008K, reserved 1169408K
  class space    used 16430K, capacity 17743K, committed 17792K, reserved 1048576K
}
Event: 318.144 GC heap after
{Heap after GC invocations=122 (full 0):
 garbage-first heap   total 239616K, used 203587K [0x0000000080000000, 0x0000000100000000)
  region size 1024K, 1 young (1024K), 1 survivors (1024K)
 Metaspace       used 133015K, capacity 136826K, committed 137008K, reserved 1169408K
  class space    used 16430K, capacity 17743K, committed 17792K, reserved 1048576K
}
Event: 318.936 GC heap before
{Heap before GC invocations=122 (full 0):
 garbage-first heap   total 239616K, used 212803K [0x0000000080000000, 0x0000000100000000)
  region size 1024K, 11 young (11264K), 1 survivors (1024K)
 Metaspace       used 134367K, capacity 138171K, committed 138416K, reserved 1169408K
  class space    used 16592K, capacity 17893K, committed 17920K, reserved 1048576K
}
Event: 318.959 GC heap after
{Heap after GC invocations=123 (full 0):
 garbage-first heap   total 291840K, used 201065K [0x0000000080000000, 0x0000000100000000)
  region size 1024K, 2 young (2048K), 2 survivors (2048K)
 Metaspace       used 134367K, capacity 138171K, committed 138416K, reserved 1169408K
  class space    used 16592K, capacity 17893K, committed 17920K, reserved 1048576K
}
Event: 320.013 GC heap before
{Heap before GC invocations=123 (full 0):
 garbage-first heap   total 291840K, used 224617K [0x0000000080000000, 0x0000000100000000)
  region size 1024K, 26 young (26624K), 2 survivors (2048K)
 Metaspace       used 135137K, capacity 139003K, committed 139056K, reserved 1171456K
  class space    used 16698K, capacity 18017K, committed 18048K, reserved 1048576K
}
Event: 320.037 GC heap after
{Heap after GC invocations=124 (full 0):
 garbage-first heap   total 291840K, used 205709K [0x0000000080000000, 0x0000000100000000)
  region size 1024K, 4 young (4096K), 4 survivors (4096K)
 Metaspace       used 135137K, capacity 139003K, committed 139056K, reserved 1171456K
  class space    used 16698K, capacity 18017K, committed 18048K, reserved 1048576K
}
Event: 321.078 GC heap before
{Heap before GC invocations=124 (full 0):
 garbage-first heap   total 291840K, used 230285K [0x0000000080000000, 0x0000000100000000)
  region size 1024K, 28 young (28672K), 4 survivors (4096K)
 Metaspace       used 136016K, capacity 139880K, committed 139952K, reserved 1171456K
  class space    used 16794K, capacity 18116K, committed 18176K, reserved 1048576K
}
Event: 321.114 GC heap after
{Heap after GC invocations=125 (full 0):
 garbage-first heap   total 291840K, used 210294K [0x0000000080000000, 0x0000000100000000)
  region size 1024K, 4 young (4096K), 4 survivors (4096K)
 Metaspace       used 136016K, capacity 139880K, committed 139952K, reserved 1171456K
  class space    used 16794K, capacity 18116K, committed 18176K, reserved 1048576K
}
Event: 322.037 GC heap before
{Heap before GC invocations=125 (full 0):
 garbage-first heap   total 291840K, used 233846K [0x0000000080000000, 0x0000000100000000)
  region size 1024K, 28 young (28672K), 4 survivors (4096K)
 Metaspace       used 136553K, capacity 140407K, committed 140592K, reserved 1171456K
  class space    used 16857K, capacity 18184K, committed 18304K, reserved 1048576K
}
Event: 322.066 GC heap after
{Heap after GC invocations=126 (full 0):
 garbage-first heap   total 291840K, used 215629K [0x0000000080000000, 0x0000000100000000)
  region size 1024K, 4 young (4096K), 4 survivors (4096K)
 Metaspace       used 136553K, capacity 140407K, committed 140592K, reserved 1171456K
  class space    used 16857K, capacity 18184K, committed 18304K, reserved 1048576K
}
Event: 323.488 GC heap before
{Heap before GC invocations=127 (full 0):
 garbage-first heap   total 291840K, used 239181K [0x0000000080000000, 0x0000000100000000)
  region size 1024K, 27 young (27648K), 4 survivors (4096K)
 Metaspace       used 137077K, capacity 140963K, committed 141104K, reserved 1171456K
  class space    used 16928K, capacity 18299K, committed 18304K, reserved 1048576K
}

