# JRE version: OpenJDK Runtime Environment (11.0.13) (build 11.0.13+0-b1751.21-8125866)
# Java VM: OpenJDK 64-Bit Server VM (11.0.13+0-b1751.21-8125866, mixed mode, tiered, compressed oops, g1 gc, windows-amd64)
Heap:
 garbage-first heap   total 411648K, used 198439K [0x0000000080000000, 0x0000000100000000)
  region size 1024K, 2 young (2048K), 2 survivors (2048K)
 Metaspace       used 120169K, capacity 123071K, committed 123356K, reserved 1157120K
  class space    used 14859K, capacity 16002K, committed 16032K, reserved 1048576K
GC Heap History (20 events):
Event: 101.578 GC heap after
{Heap after GC invocations=76 (full 0):
 garbage-first heap   total 200704K, used 150500K [0x0000000080000000, 0x0000000100000000)
  region size 1024K, 4 young (4096K), 4 survivors (4096K)
 Metaspace       used 119547K, capacity 122455K, committed 122588K, reserved 1157120K
  class space    used 14808K, capacity 15956K, committed 16032K, reserved 1048576K
}
Event: 102.309 GC heap before
{Heap before GC invocations=76 (full 0):
 garbage-first heap   total 200704K, used 166884K [0x0000000080000000, 0x0000000100000000)
  region size 1024K, 21 young (21504K), 4 survivors (4096K)
 Metaspace       used 119707K, capacity 122593K, committed 122844K, reserved 1157120K
  class space    used 14808K, capacity 15956K, committed 16032K, reserved 1048576K
}
Event: 102.345 GC heap after
{Heap after GC invocations=77 (full 0):
 garbage-first heap   total 200704K, used 159348K [0x0000000080000000, 0x0000000100000000)
  region size 1024K, 3 young (3072K), 3 survivors (3072K)
 Metaspace       used 119707K, capacity 122593K, committed 122844K, reserved 1157120K
  class space    used 14808K, capacity 15956K, committed 16032K, reserved 1048576K
}
Event: 102.542 GC heap before
{Heap before GC invocations=77 (full 0):
 garbage-first heap   total 200704K, used 168564K [0x0000000080000000, 0x0000000100000000)
  region size 1024K, 13 young (13312K), 3 survivors (3072K)
 Metaspace       used 119723K, capacity 122664K, committed 122844K, reserved 1157120K
  class space    used 14810K, capacity 15958K, committed 16032K, reserved 1048576K
}
Event: 102.565 GC heap after
{Heap after GC invocations=78 (full 0):
 garbage-first heap   total 200704K, used 165279K [0x0000000080000000, 0x0000000100000000)
  region size 1024K, 2 young (2048K), 2 survivors (2048K)
 Metaspace       used 119723K, capacity 122664K, committed 122844K, reserved 1157120K
  class space    used 14810K, capacity 15958K, committed 16032K, reserved 1048576K
}
Event: 102.700 GC heap before
{Heap before GC invocations=78 (full 0):
 garbage-first heap   total 200704K, used 172447K [0x0000000080000000, 0x0000000100000000)
  region size 1024K, 9 young (9216K), 2 survivors (2048K)
 Metaspace       used 119755K, capacity 122665K, committed 122844K, reserved 1157120K
  class space    used 14811K, capacity 15958K, committed 16032K, reserved 1048576K
}
Event: 102.715 GC heap after
{Heap after GC invocations=79 (full 0):
 garbage-first heap   total 200704K, used 169294K [0x0000000080000000, 0x0000000100000000)
  region size 1024K, 2 young (2048K), 2 survivors (2048K)
 Metaspace       used 119755K, capacity 122665K, committed 122844K, reserved 1157120K
  class space    used 14811K, capacity 15958K, committed 16032K, reserved 1048576K
}
Event: 102.936 GC heap before
{Heap before GC invocations=79 (full 0):
 garbage-first heap   total 200704K, used 176462K [0x0000000080000000, 0x0000000100000000)
  region size 1024K, 9 young (9216K), 2 survivors (2048K)
 Metaspace       used 119805K, capacity 122729K, committed 122844K, reserved 1157120K
  class space    used 14814K, capacity 15958K, committed 16032K, reserved 1048576K
}
Event: 102.949 GC heap after
{Heap after GC invocations=80 (full 0):
 garbage-first heap   total 200704K, used 172890K [0x0000000080000000, 0x0000000100000000)
  region size 1024K, 2 young (2048K), 2 survivors (2048K)
 Metaspace       used 119805K, capacity 122729K, committed 122844K, reserved 1157120K
  class space    used 14814K, capacity 15958K, committed 16032K, reserved 1048576K
}
Event: 103.167 GC heap before
{Heap before GC invocations=80 (full 0):
 garbage-first heap   total 200704K, used 180058K [0x0000000080000000, 0x0000000100000000)
  region size 1024K, 9 young (9216K), 2 survivors (2048K)
 Metaspace       used 119845K, capacity 122771K, committed 122844K, reserved 1157120K
  class space    used 14819K, capacity 15965K, committed 16032K, reserved 1048576K
}
Event: 103.181 GC heap after
{Heap after GC invocations=81 (full 0):
 garbage-first heap   total 200704K, used 176297K [0x0000000080000000, 0x0000000100000000)
  region size 1024K, 2 young (2048K), 2 survivors (2048K)
 Metaspace       used 119845K, capacity 122771K, committed 122844K, reserved 1157120K
  class space    used 14819K, capacity 15965K, committed 16032K, reserved 1048576K
}
Event: 103.430 GC heap before
{Heap before GC invocations=81 (full 0):
 garbage-first heap   total 200704K, used 183465K [0x0000000080000000, 0x0000000100000000)
  region size 1024K, 9 young (9216K), 2 survivors (2048K)
 Metaspace       used 119870K, capacity 122762K, committed 122844K, reserved 1157120K
  class space    used 14818K, capacity 15961K, committed 16032K, reserved 1048576K
}
Event: 103.449 GC heap after
{Heap after GC invocations=82 (full 0):
 garbage-first heap   total 241664K, used 179865K [0x0000000080000000, 0x0000000100000000)
  region size 1024K, 2 young (2048K), 2 survivors (2048K)
 Metaspace       used 119870K, capacity 122762K, committed 122844K, reserved 1157120K
  class space    used 14818K, capacity 15961K, committed 16032K, reserved 1048576K
}
Event: 103.808 GC heap before
{Heap before GC invocations=83 (full 0):
 garbage-first heap   total 241664K, used 195225K [0x0000000080000000, 0x0000000100000000)
  region size 1024K, 17 young (17408K), 2 survivors (2048K)
 Metaspace       used 119894K, capacity 122826K, committed 123100K, reserved 1157120K
  class space    used 14819K, capacity 15961K, committed 16032K, reserved 1048576K
}
Event: 103.837 GC heap after
{Heap after GC invocations=84 (full 0):
 garbage-first heap   total 241664K, used 188074K [0x0000000080000000, 0x0000000100000000)
  region size 1024K, 3 young (3072K), 3 survivors (3072K)
 Metaspace       used 119894K, capacity 122826K, committed 123100K, reserved 1157120K
  class space    used 14819K, capacity 15961K, committed 16032K, reserved 1048576K
}
Event: 103.956 GC heap before
{Heap before GC invocations=84 (full 0):
 garbage-first heap   total 241664K, used 196266K [0x0000000080000000, 0x0000000100000000)
  region size 1024K, 11 young (11264K), 3 survivors (3072K)
 Metaspace       used 119936K, capacity 122826K, committed 123100K, reserved 1157120K
  class space    used 14821K, capacity 15961K, committed 16032K, reserved 1048576K
}
Event: 103.990 GC heap after
{Heap after GC invocations=85 (full 0):
 garbage-first heap   total 241664K, used 188393K [0x0000000080000000, 0x0000000100000000)
  region size 1024K, 2 young (2048K), 2 survivors (2048K)
 Metaspace       used 119936K, capacity 122826K, committed 123100K, reserved 1157120K
  class space    used 14821K, capacity 15961K, committed 16032K, reserved 1048576K
}
Event: 104.209 GC heap before
{Heap before GC invocations=85 (full 0):
 garbage-first heap   total 241664K, used 199657K [0x0000000080000000, 0x0000000100000000)
  region size 1024K, 14 young (14336K), 2 survivors (2048K)
 Metaspace       used 120091K, capacity 123050K, committed 123100K, reserved 1157120K
  class space    used 14843K, capacity 15993K, committed 16032K, reserved 1048576K
}
Event: 104.235 GC heap after
{Heap after GC invocations=86 (full 0):
 garbage-first heap   total 241664K, used 194560K [0x0000000080000000, 0x0000000100000000)
  region size 1024K, 2 young (2048K), 2 survivors (2048K)
 Metaspace       used 120091K, capacity 123050K, committed 123100K, reserved 1157120K
  class space    used 14843K, capacity 15993K, committed 16032K, reserved 1048576K
}
Event: 104.566 GC heap before
{Heap before GC invocations=86 (full 0):
 garbage-first heap   total 241664K, used 204800K [0x0000000080000000, 0x0000000100000000)
  region size 1024K, 12 young (12288K), 2 survivors (2048K)
 Metaspace       used 120169K, capacity 123071K, committed 123356K, reserved 1157120K
  class space    used 14859K, capacity 16002K, committed 16032K, reserved 1048576K
}

