Heap:
 garbage-first heap   total 114688K, used 60267K [0x0000000080000000, 0x0000000100000000)
  region size 1024K, 41 young (41984K), 8 survivors (8192K)
 Metaspace       used 42538K, capacity 43542K, committed 43644K, reserved 1091584K
  class space    used 5420K, capacity 5784K, committed 5836K, reserved 1048576K
GC Heap History (18 events):
Event: 1.790 GC heap before
{Heap before GC invocations=0 (full 0):
 garbage-first heap   total 114688K, used 17408K [0x0000000080000000, 0x0000000100000000)
  region size 1024K, 14 young (14336K), 0 survivors (0K)
 Metaspace       used 6744K, capacity 6929K, committed 7168K, reserved 1056768K
  class space    used 572K, capacity 650K, committed 768K, reserved 1048576K
}
Event: 1.819 GC heap after
{Heap after GC invocations=1 (full 0):
 garbage-first heap   total 114688K, used 4245K [0x0000000080000000, 0x0000000100000000)
  region size 1024K, 2 young (2048K), 2 survivors (2048K)
 Metaspace       used 6744K, capacity 6929K, committed 7168K, reserved 1056768K
  class space    used 572K, capacity 650K, committed 768K, reserved 1048576K
}
Event: 2.797 GC heap before
{Heap before GC invocations=1 (full 0):
 garbage-first heap   total 114688K, used 19605K [0x0000000080000000, 0x0000000100000000)
  region size 1024K, 14 young (14336K), 2 survivors (2048K)
 Metaspace       used 10279K, capacity 10499K, committed 10624K, reserved 1058816K
  class space    used 1054K, capacity 1141K, committed 1152K, reserved 1048576K
}
Event: 2.808 GC heap after
{Heap after GC invocations=2 (full 0):
 garbage-first heap   total 114688K, used 9488K [0x0000000080000000, 0x0000000100000000)
  region size 1024K, 2 young (2048K), 2 survivors (2048K)
 Metaspace       used 10279K, capacity 10499K, committed 10624K, reserved 1058816K
  class space    used 1054K, capacity 1141K, committed 1152K, reserved 1048576K
}
Event: 4.035 GC heap before
{Heap before GC invocations=2 (full 0):
 garbage-first heap   total 114688K, used 35088K [0x0000000080000000, 0x0000000100000000)
  region size 1024K, 28 young (28672K), 2 survivors (2048K)
 Metaspace       used 11262K, capacity 11454K, committed 11520K, reserved 1058816K
  class space    used 1155K, capacity 1246K, committed 1280K, reserved 1048576K
}
Event: 4.042 GC heap after
{Heap after GC invocations=3 (full 0):
 garbage-first heap   total 114688K, used 10189K [0x0000000080000000, 0x0000000100000000)
  region size 1024K, 3 young (3072K), 3 survivors (3072K)
 Metaspace       used 11262K, capacity 11454K, committed 11520K, reserved 1058816K
  class space    used 1155K, capacity 1246K, committed 1280K, reserved 1048576K
}
Event: 10.182 GC heap before
{Heap before GC invocations=3 (full 0):
 garbage-first heap   total 114688K, used 51149K [0x0000000080000000, 0x0000000100000000)
  region size 1024K, 42 young (43008K), 3 survivors (3072K)
 Metaspace       used 17028K, capacity 17433K, committed 17792K, reserved 1064960K
  class space    used 1932K, capacity 2069K, committed 2176K, reserved 1048576K
}
Event: 10.200 GC heap after
{Heap after GC invocations=4 (full 0):
 garbage-first heap   total 114688K, used 15646K [0x0000000080000000, 0x0000000100000000)
  region size 1024K, 6 young (6144K), 6 survivors (6144K)
 Metaspace       used 17028K, capacity 17433K, committed 17792K, reserved 1064960K
  class space    used 1932K, capacity 2069K, committed 2176K, reserved 1048576K
}
Event: 11.604 GC heap before
{Heap before GC invocations=4 (full 0):
 garbage-first heap   total 114688K, used 51486K [0x0000000080000000, 0x0000000100000000)
  region size 1024K, 42 young (43008K), 6 survivors (6144K)
 Metaspace       used 20803K, capacity 21195K, committed 21296K, reserved 1069056K
  class space    used 2527K, capacity 2686K, committed 2688K, reserved 1048576K
}
Event: 11.622 GC heap after
{Heap after GC invocations=5 (full 0):
 garbage-first heap   total 114688K, used 17315K [0x0000000080000000, 0x0000000100000000)
  region size 1024K, 2 young (2048K), 2 survivors (2048K)
 Metaspace       used 20803K, capacity 21195K, committed 21296K, reserved 1069056K
  class space    used 2527K, capacity 2686K, committed 2688K, reserved 1048576K
}
Event: 14.868 GC heap before
{Heap before GC invocations=6 (full 0):
 garbage-first heap   total 114688K, used 63395K [0x0000000080000000, 0x0000000100000000)
  region size 1024K, 47 young (48128K), 2 survivors (2048K)
 Metaspace       used 25466K, capacity 26062K, committed 26236K, reserved 1073152K
  class space    used 3266K, capacity 3484K, committed 3532K, reserved 1048576K
}
Event: 14.879 GC heap after
{Heap after GC invocations=7 (full 0):
 garbage-first heap   total 114688K, used 19029K [0x0000000080000000, 0x0000000100000000)
  region size 1024K, 4 young (4096K), 4 survivors (4096K)
 Metaspace       used 25466K, capacity 26062K, committed 26236K, reserved 1073152K
  class space    used 3266K, capacity 3484K, committed 3532K, reserved 1048576K
}
Event: 17.235 GC heap before
{Heap before GC invocations=7 (full 0):
 garbage-first heap   total 114688K, used 71253K [0x0000000080000000, 0x0000000100000000)
  region size 1024K, 55 young (56320K), 4 survivors (4096K)
 Metaspace       used 30253K, capacity 30929K, committed 31100K, reserved 1077248K
  class space    used 3997K, capacity 4283K, committed 4300K, reserved 1048576K
}
Event: 17.247 GC heap after
{Heap after GC invocations=8 (full 0):
 garbage-first heap   total 114688K, used 20489K [0x0000000080000000, 0x0000000100000000)
  region size 1024K, 5 young (5120K), 5 survivors (5120K)
 Metaspace       used 30253K, capacity 30929K, committed 31100K, reserved 1077248K
  class space    used 3997K, capacity 4283K, committed 4300K, reserved 1048576K
}
Event: 19.595 GC heap before
{Heap before GC invocations=8 (full 0):
 garbage-first heap   total 114688K, used 37897K [0x0000000080000000, 0x0000000100000000)
  region size 1024K, 23 young (23552K), 5 survivors (5120K)
 Metaspace       used 35136K, capacity 35894K, committed 35964K, reserved 1081344K
  class space    used 4498K, capacity 4789K, committed 4812K, reserved 1048576K
}
Event: 19.611 GC heap after
{Heap after GC invocations=9 (full 0):
 garbage-first heap   total 114688K, used 22800K [0x0000000080000000, 0x0000000100000000)
  region size 1024K, 7 young (7168K), 7 survivors (7168K)
 Metaspace       used 35136K, capacity 35894K, committed 35964K, reserved 1081344K
  class space    used 4498K, capacity 4789K, committed 4812K, reserved 1048576K
}
Event: 25.426 GC heap before
{Heap before GC invocations=10 (full 0):
 garbage-first heap   total 114688K, used 81168K [0x0000000080000000, 0x0000000100000000)
  region size 1024K, 61 young (62464K), 7 survivors (7168K)
 Metaspace       used 39592K, capacity 40520K, committed 40700K, reserved 1085440K
  class space    used 4989K, capacity 5324K, committed 5452K, reserved 1048576K
}
Event: 25.458 GC heap after
{Heap after GC invocations=11 (full 0):
 garbage-first heap   total 114688K, used 27499K [0x0000000080000000, 0x0000000100000000)
  region size 1024K, 8 young (8192K), 8 survivors (8192K)
 Metaspace       used 39592K, capacity 40520K, committed 40700K, reserved 1085440K
  class space    used 4989K, capacity 5324K, committed 5452K, reserved 1048576K
}

